This file contains any messages produced by compilers while
running configure, to aid debugging if configure makes a mistake.

It was created by genuser configure 1.0, which was
generated by GNU Autoconf 2.69.  Invocation command line was

  $ ./configure --no-create --no-recursion

## --------- ##
## Platform. ##
## --------- ##

hostname = atuxsuse.suse
uname -m = x86_64
uname -r = 4.1.20-11-default
uname -s = Linux
uname -v = #1 SMP PREEMPT Fri Mar 18 14:42:07 UTC 2016 (0a392b2)

/usr/bin/uname -p = x86_64
/bin/uname -X     = unknown

/bin/arch              = x86_64
/usr/bin/arch -k       = unknown
/usr/convex/getsysinfo = unknown
/usr/bin/hostinfo      = unknown
/bin/machine           = unknown
/usr/bin/oslevel       = unknown
/bin/universe          = unknown

PATH: /home/vroncevic/perl5/bin
PATH: /usr/lib64/mpi/gcc/openmpi/bin
PATH: /home/vroncevic/bin
PATH: /usr/local/bin
PATH: /usr/bin
PATH: /bin
PATH: /usr/bin/X11
PATH: /usr/games
PATH: /opt/kde3/bin
PATH: /usr/lib/mit/bin
PATH: /usr/lib/mit/sbin


## ----------- ##
## Core tests. ##
## ----------- ##

configure:2151: loading site script /usr/share/site/x86_64-unknown-linux-gnu
| #!/bin/sh
| # Site script for configure. It is resourced via $CONFIG_SITE environment varaible.
| 
| # If user did not specify libdir, guess the correct target:
| # Use lib64 for 64 bit bi-arch targets, keep the default for the rest.
| if test "$libdir" = '${exec_prefix}/lib' ; then
| 
| 	ac_config_site_64bit_host=NONE
| 
| 	case "$host" in
| 	"" )
| 		# User did not specify host target.
| 		# The native platform x86_64 is a bi-arch platform.
| 		# Try to detect cross-compilation to inferior architecture.
| 
| 		# We are trying to guess 32-bit target compilation. It's not as easy as
| 		# it sounds, as there is possible several intermediate combinations.
| 		ac_config_site_cross_to_32bit_host=NONE
| 
| 		# User defined -m32 in CFLAGS or CXXFLAGS or CC or CXX:
| 		# (It's sufficient for 32-bit, but alone may cause mis-behavior of some checks.)
| 		case "$CFLAGS $CXXFLAGS $CC $CXX" in
| 		*-m32*)
| 			ac_config_site_cross_to_32bit_host=YES
| 			;;
| 		esac
| 
| 		# Running with linux32:
| 		# (Changes detected platform, but not the toolchain target.)
| 		case "`/bin/uname -i`" in
| 		x86_64 | ppc64 | s390x )
| 			;;
| 		* )
| 			ac_config_site_cross_to_32bit_host=YES
| 			;;
| 		esac
| 
| 		if test "x$ac_config_site_cross_to_32bit_host" = xNONE; then
| 			ac_config_site_64bit_host=YES
| 		fi
| 
| 		;;
| 	*x86_64* | *ppc64* | *s390x* )
| 		ac_config_site_64bit_host=YES
| 		;;
| 	esac
| 
| 	if test "x$ac_config_site_64bit_host" = xYES; then
| 		libdir='${exec_prefix}/lib64'
| 	fi
| fi
| 
| # If user did not specify libexecdir, set the correct target:
| # Nor FHS nor openSUSE allow prefix/libexec. Let's default to prefix/lib.
| 
| if test "$libexecdir" = '${exec_prefix}/libexec' ; then
| 	libexecdir='${exec_prefix}/lib'
| fi
| 
| # Continue with the standard behavior of configure defined in AC_SITE_LOAD:
| if test "x$prefix" != xNONE; then
| 	ac_site_file1=$prefix/share/config.site
| 	ac_site_file2=$prefix/etc/config.site
| else
| 	ac_site_file1=$ac_default_prefix/share/config.site
| 	ac_site_file2=$ac_default_prefix/etc/config.site
| fi
| for ac_site_file in "$ac_site_file1" "$ac_site_file2"
| do
| 	test "x$ac_site_file" = xNONE && continue
| 	if test /dev/null != "$ac_site_file" && test -r "$ac_site_file"; then
| 		{ $as_echo "/usr/share/site/x86_64-unknown-linux-gnu:${as_lineno-$LINENO}: loading site script $ac_site_file" >&5
| $as_echo "/usr/share/site/x86_64-unknown-linux-gnu: loading site script $ac_site_file" >&6;}
| 		sed 's/^/| /' "$ac_site_file" >&5
| 		. "$ac_site_file" \
| 			|| { { $as_echo "/usr/share/site/x86_64-unknown-linux-gnu:${as_lineno-$LINENO}: error: in \`$ac_pwd':" >&5
| $as_echo "/usr/share/site/x86_64-unknown-linux-gnu: error: in \`$ac_pwd':" >&2;}
| as_fn_error $? "failed to load site script $ac_site_file
| See \`config.log' for more details" "$LINENO" 5; }
| 	fi
| done
configure:2294: checking for a BSD-compatible install
configure:2362: result: /usr/bin/install -c
configure:2373: checking whether build environment is sane
configure:2428: result: yes
configure:2579: checking for a thread-safe mkdir -p
configure:2618: result: /usr/bin/mkdir -p
configure:2625: checking for gawk
configure:2641: found /usr/bin/gawk
configure:2652: result: gawk
configure:2663: checking whether make sets $(MAKE)
configure:2685: result: yes
configure:2714: checking whether make supports nested variables
configure:2731: result: yes
configure:2826: checking whether make supports nested variables
configure:2843: result: yes
configure:2902: checking for gcc
configure:2918: found /usr/bin/gcc
configure:2929: result: gcc
configure:3158: checking for C compiler version
configure:3167: gcc --version >&5
gcc (SUSE Linux) 4.8.5
Copyright (C) 2015 Free Software Foundation, Inc.
This is free software; see the source for copying conditions.  There is NO
warranty; not even for MERCHANTABILITY or FITNESS FOR A PARTICULAR PURPOSE.

configure:3178: $? = 0
configure:3167: gcc -v >&5
Using built-in specs.
COLLECT_GCC=gcc
COLLECT_LTO_WRAPPER=/usr/lib64/gcc/x86_64-suse-linux/4.8/lto-wrapper
Target: x86_64-suse-linux
Configured with: ../configure --prefix=/usr --infodir=/usr/share/info --mandir=/usr/share/man --libdir=/usr/lib64 --libexecdir=/usr/lib64 --enable-languages=c,c++,objc,fortran,obj-c++,java,ada --enable-checking=release --with-gxx-include-dir=/usr/include/c++/4.8 --enable-ssp --disable-libssp --disable-plugin --with-bugurl=http://bugs.opensuse.org/ --with-pkgversion='SUSE Linux' --disable-libgcj --disable-libmudflap --with-slibdir=/lib64 --with-system-zlib --enable-__cxa_atexit --enable-libstdcxx-allocator=new --disable-libstdcxx-pch --enable-version-specific-runtime-libs --enable-linker-build-id --enable-linux-futex --program-suffix=-4.8 --without-system-libunwind --with-arch-32=i586 --with-tune=generic --build=x86_64-suse-linux --host=x86_64-suse-linux
Thread model: posix
gcc version 4.8.5 (SUSE Linux) 
configure:3178: $? = 0
configure:3167: gcc -V >&5
gcc: error: unrecognized command line option '-V'
gcc: fatal error: no input files
compilation terminated.
configure:3178: $? = 1
configure:3167: gcc -qversion >&5
gcc: error: unrecognized command line option '-qversion'
gcc: fatal error: no input files
compilation terminated.
configure:3178: $? = 1
configure:3198: checking whether the C compiler works
configure:3220: gcc    conftest.c  >&5
configure:3224: $? = 0
configure:3272: result: yes
configure:3275: checking for C compiler default output file name
configure:3277: result: a.out
configure:3283: checking for suffix of executables
configure:3290: gcc -o conftest    conftest.c  >&5
configure:3294: $? = 0
configure:3316: result: 
configure:3338: checking whether we are cross compiling
configure:3346: gcc -o conftest    conftest.c  >&5
configure:3350: $? = 0
configure:3357: ./conftest
configure:3361: $? = 0
configure:3376: result: no
configure:3381: checking for suffix of object files
configure:3403: gcc -c   conftest.c >&5
configure:3407: $? = 0
configure:3428: result: o
configure:3432: checking whether we are using the GNU C compiler
configure:3451: gcc -c   conftest.c >&5
configure:3451: $? = 0
configure:3460: result: yes
configure:3469: checking whether gcc accepts -g
configure:3489: gcc -c -g  conftest.c >&5
configure:3489: $? = 0
configure:3530: result: yes
configure:3547: checking for gcc option to accept ISO C89
configure:3610: gcc  -c -g -O2  conftest.c >&5
configure:3610: $? = 0
configure:3623: result: none needed
configure:3654: checking for style of include used by make
configure:3682: result: GNU
configure:3708: checking dependency style of gcc
configure:3819: result: gcc3
configure:3836: checking whether NLS is requested
configure:3845: result: yes
configure:3864: checking for intltool >= 0.35.0
configure:3866: result: 0.50.2 found
configure:3874: checking for intltool-update
configure:3892: found /usr/bin/intltool-update
configure:3904: result: /usr/bin/intltool-update
configure:3914: checking for intltool-merge
configure:3932: found /usr/bin/intltool-merge
configure:3944: result: /usr/bin/intltool-merge
configure:3954: checking for intltool-extract
configure:3972: found /usr/bin/intltool-extract
configure:3984: result: /usr/bin/intltool-extract
configure:4138: checking for xgettext
configure:4156: found /usr/bin/xgettext
configure:4168: result: /usr/bin/xgettext
configure:4178: checking for msgmerge
configure:4196: found /usr/bin/msgmerge
configure:4208: result: /usr/bin/msgmerge
configure:4218: checking for msgfmt
configure:4236: found /usr/bin/msgfmt
configure:4248: result: /usr/bin/msgfmt
configure:4258: checking for gmsgfmt
configure:4289: result: /usr/bin/msgfmt
configure:4309: checking for perl
configure:4327: found /usr/bin/perl
configure:4339: result: /usr/bin/perl
configure:4350: checking for perl >= 5.8.1
configure:4357: result: 5.18.2
configure:4361: checking for XML::Parser
configure:4364: result: ok
configure:4389: gcc -o conftest -g -O2   conftest.c  >&5
configure:4389: $? = 0
configure:4427: checking how to run the C preprocessor
configure:4458: gcc -E  conftest.c
configure:4458: $? = 0
configure:4472: gcc -E  conftest.c
conftest.c:12:28: fatal error: ac_nonexistent.h: No such file or directory
 #include <ac_nonexistent.h>
                            ^
compilation terminated.
configure:4472: $? = 1
configure: failed program was:
| /* confdefs.h */
| #define PACKAGE_NAME "genuser"
| #define PACKAGE_TARNAME "genuser"
| #define PACKAGE_VERSION "1.0"
| #define PACKAGE_STRING "genuser 1.0"
| #define PACKAGE_BUGREPORT ""
| #define PACKAGE_URL ""
| #define PACKAGE "genuser"
| #define VERSION "1.0"
| #define GETTEXT_PACKAGE "genuser"
| /* end confdefs.h.  */
| #include <ac_nonexistent.h>
configure:4497: result: gcc -E
configure:4517: gcc -E  conftest.c
configure:4517: $? = 0
configure:4531: gcc -E  conftest.c
conftest.c:12:28: fatal error: ac_nonexistent.h: No such file or directory
 #include <ac_nonexistent.h>
                            ^
compilation terminated.
configure:4531: $? = 1
configure: failed program was:
| /* confdefs.h */
| #define PACKAGE_NAME "genuser"
| #define PACKAGE_TARNAME "genuser"
| #define PACKAGE_VERSION "1.0"
| #define PACKAGE_STRING "genuser 1.0"
| #define PACKAGE_BUGREPORT ""
| #define PACKAGE_URL ""
| #define PACKAGE "genuser"
| #define VERSION "1.0"
| #define GETTEXT_PACKAGE "genuser"
| /* end confdefs.h.  */
| #include <ac_nonexistent.h>
configure:4560: checking for grep that handles long lines and -e
configure:4618: result: /usr/bin/grep
configure:4623: checking for egrep
configure:4685: result: /usr/bin/grep -E
configure:4690: checking for ANSI C header files
configure:4710: gcc -c -g -O2  conftest.c >&5
configure:4710: $? = 0
configure:4783: gcc -o conftest -g -O2   conftest.c  >&5
configure:4783: $? = 0
configure:4783: ./conftest
configure:4783: $? = 0
configure:4794: result: yes
configure:4807: checking for sys/types.h
configure:4807: gcc -c -g -O2  conftest.c >&5
configure:4807: $? = 0
configure:4807: result: yes
configure:4807: checking for sys/stat.h
configure:4807: gcc -c -g -O2  conftest.c >&5
configure:4807: $? = 0
configure:4807: result: yes
configure:4807: checking for stdlib.h
configure:4807: gcc -c -g -O2  conftest.c >&5
configure:4807: $? = 0
configure:4807: result: yes
configure:4807: checking for string.h
configure:4807: gcc -c -g -O2  conftest.c >&5
configure:4807: $? = 0
configure:4807: result: yes
configure:4807: checking for memory.h
configure:4807: gcc -c -g -O2  conftest.c >&5
configure:4807: $? = 0
configure:4807: result: yes
configure:4807: checking for strings.h
configure:4807: gcc -c -g -O2  conftest.c >&5
configure:4807: $? = 0
configure:4807: result: yes
configure:4807: checking for inttypes.h
configure:4807: gcc -c -g -O2  conftest.c >&5
configure:4807: $? = 0
configure:4807: result: yes
configure:4807: checking for stdint.h
configure:4807: gcc -c -g -O2  conftest.c >&5
configure:4807: $? = 0
configure:4807: result: yes
configure:4807: checking for unistd.h
configure:4807: gcc -c -g -O2  conftest.c >&5
configure:4807: $? = 0
configure:4807: result: yes
configure:4822: checking locale.h usability
configure:4822: gcc -c -g -O2  conftest.c >&5
configure:4822: $? = 0
configure:4822: result: yes
configure:4822: checking locale.h presence
configure:4822: gcc -E  conftest.c
configure:4822: $? = 0
configure:4822: result: yes
configure:4822: checking for locale.h
configure:4822: result: yes
configure:4833: checking for LC_MESSAGES
configure:4849: gcc -o conftest -g -O2   conftest.c  >&5
configure:4849: $? = 0
configure:4857: result: yes
configure:4874: checking libintl.h usability
configure:4874: gcc -c -g -O2  conftest.c >&5
configure:4874: $? = 0
configure:4874: result: yes
configure:4874: checking libintl.h presence
configure:4874: gcc -E  conftest.c
configure:4874: $? = 0
configure:4874: result: yes
configure:4874: checking for libintl.h
configure:4874: result: yes
configure:4882: checking for ngettext in libc
configure:4900: gcc -o conftest -g -O2   conftest.c  >&5
configure:4900: $? = 0
configure:4909: result: yes
configure:4913: checking for dgettext in libc
configure:4931: gcc -o conftest -g -O2   conftest.c  >&5
configure:4931: $? = 0
configure:4940: result: yes
configure:4947: checking for bind_textdomain_codeset
configure:4947: gcc -o conftest -g -O2   conftest.c  >&5
configure:4947: $? = 0
configure:4947: result: yes
configure:5223: checking for msgfmt
configure:5250: result: /usr/bin/msgfmt
configure:5261: checking for dcgettext
configure:5261: gcc -o conftest -g -O2   conftest.c   >&5
conftest.c:49:6: warning: conflicting types for built-in function 'dcgettext' [enabled by default]
 char dcgettext ();
      ^
configure:5261: $? = 0
configure:5261: result: yes
configure:5271: checking if msgfmt accepts -c
configure:5286: $MSGFMT -c -o /dev/null conftest.foo
conftest.foo:3: warning: header field 'Language' missing in header
configure:5289: $? = 0
configure:5291: result: yes
configure:5301: checking for gmsgfmt
configure:5332: result: /usr/bin/msgfmt
configure:5342: checking for xgettext
configure:5369: result: /usr/bin/xgettext
configure:5388: gcc -o conftest -g -O2   conftest.c   >&5
configure:5388: $? = 0
configure:5556: checking build system type
configure:5570: result: x86_64-suse-linux-gnu
configure:5590: checking host system type
configure:5603: result: x86_64-suse-linux-gnu
configure:5644: checking how to print strings
configure:5671: result: printf
configure:5692: checking for a sed that does not truncate output
configure:5756: result: /usr/bin/sed
configure:5774: checking for fgrep
configure:5836: result: /usr/bin/grep -F
configure:5871: checking for ld used by gcc
configure:5938: result: /usr/x86_64-suse-linux/bin/ld
configure:5945: checking if the linker (/usr/x86_64-suse-linux/bin/ld) is GNU ld
configure:5960: result: yes
configure:5972: checking for BSD- or MS-compatible name lister (nm)
configure:6021: result: /usr/bin/nm -B
configure:6151: checking the name lister (/usr/bin/nm -B) interface
configure:6158: gcc -c -g -O2  conftest.c >&5
configure:6161: /usr/bin/nm -B "conftest.o"
configure:6164: output
0000000000000000 B some_variable
configure:6171: result: BSD nm
configure:6174: checking whether ln -s works
configure:6178: result: yes
configure:6186: checking the maximum length of command line arguments
configure:6316: result: 1572864
configure:6333: checking whether the shell understands some XSI constructs
configure:6343: result: yes
configure:6347: checking whether the shell understands "+="
configure:6353: result: yes
configure:6388: checking how to convert x86_64-suse-linux-gnu file names to x86_64-suse-linux-gnu format
configure:6428: result: func_convert_file_noop
configure:6435: checking how to convert x86_64-suse-linux-gnu file names to toolchain format
configure:6455: result: func_convert_file_noop
configure:6462: checking for /usr/x86_64-suse-linux/bin/ld option to reload object files
configure:6469: result: -r
configure:6543: checking for objdump
configure:6559: found /usr/bin/objdump
configure:6570: result: objdump
configure:6602: checking how to recognize dependent libraries
configure:6804: result: pass_all
configure:6889: checking for dlltool
configure:6919: result: no
configure:6949: checking how to associate runtime and link libraries
configure:6976: result: printf %s\n
configure:7036: checking for ar
configure:7052: found /usr/bin/ar
configure:7063: result: ar
configure:7100: checking for archiver @FILE support
configure:7117: gcc -c -g -O2  conftest.c >&5
configure:7117: $? = 0
configure:7120: ar cru libconftest.a @conftest.lst >&5
configure:7123: $? = 0
configure:7128: ar cru libconftest.a @conftest.lst >&5
ar: conftest.o: No such file or directory
configure:7131: $? = 1
configure:7143: result: @
configure:7201: checking for strip
configure:7217: found /usr/bin/strip
configure:7228: result: strip
configure:7300: checking for ranlib
configure:7316: found /usr/bin/ranlib
configure:7327: result: ranlib
configure:7429: checking command to parse /usr/bin/nm -B output from gcc object
configure:7549: gcc -c -g -O2  conftest.c >&5
configure:7552: $? = 0
configure:7556: /usr/bin/nm -B conftest.o \| sed -n -e 's/^.*[ ]\([ABCDGIRSTW][ABCDGIRSTW]*\)[ ][ ]*\([_A-Za-z][_A-Za-z0-9]*\)$/\1 \2 \2/p' | sed '/ __gnu_lto/d' \> conftest.nm
configure:7559: $? = 0
configure:7625: gcc -o conftest -g -O2   conftest.c conftstm.o >&5
configure:7628: $? = 0
configure:7666: result: ok
configure:7703: checking for sysroot
configure:7733: result: no
configure:7810: gcc -c -g -O2  conftest.c >&5
configure:7813: $? = 0
configure:7995: checking for mt
configure:8011: found /usr/bin/mt
configure:8022: result: mt
configure:8045: checking if mt is a manifest tool
configure:8051: mt '-?'
configure:8059: result: no
configure:8698: checking for dlfcn.h
configure:8698: gcc -c -g -O2  conftest.c >&5
configure:8698: $? = 0
configure:8698: result: yes
configure:8904: checking for objdir
configure:8919: result: .libs
configure:9186: checking if gcc supports -fno-rtti -fno-exceptions
configure:9204: gcc -c -g -O2  -fno-rtti -fno-exceptions conftest.c >&5
cc1: warning: command line option '-fno-rtti' is valid for C++/ObjC++ but not for C [enabled by default]
configure:9208: $? = 0
configure:9221: result: no
configure:9548: checking for gcc option to produce PIC
configure:9555: result: -fPIC -DPIC
configure:9563: checking if gcc PIC flag -fPIC -DPIC works
configure:9581: gcc -c -g -O2  -fPIC -DPIC -DPIC conftest.c >&5
configure:9585: $? = 0
configure:9598: result: yes
configure:9627: checking if gcc static flag -static works
configure:9655: result: yes
configure:9670: checking if gcc supports -c -o file.o
configure:9691: gcc -c -g -O2  -o out/conftest2.o conftest.c >&5
configure:9695: $? = 0
configure:9717: result: yes
configure:9725: checking if gcc supports -c -o file.o
configure:9772: result: yes
configure:9805: checking whether the gcc linker (/usr/x86_64-suse-linux/bin/ld -m elf_x86_64) supports shared libraries
configure:10958: result: yes
configure:10995: checking whether -lc should be explicitly linked in
configure:11003: gcc -c -g -O2  conftest.c >&5
configure:11006: $? = 0
configure:11021: gcc -shared  -fPIC -DPIC conftest.o  -v -Wl,-soname -Wl,conftest -o conftest 2\>\&1 \| /usr/bin/grep  -lc  \>/dev/null 2\>\&1
configure:11024: $? = 0
configure:11038: result: no
configure:11198: checking dynamic linker characteristics
configure:11709: gcc -o conftest -g -O2   -Wl,-rpath -Wl,/foo conftest.c  >&5
configure:11709: $? = 0
configure:11931: result: GNU/Linux ld.so
configure:12038: checking how to hardcode library paths into programs
configure:12063: result: immediate
configure:12603: checking whether stripping libraries is possible
configure:12608: result: yes
configure:12643: checking if libtool supports shared libraries
configure:12645: result: yes
configure:12648: checking whether to build shared libraries
configure:12669: result: yes
configure:12672: checking whether to build static libraries
configure:12676: result: yes
configure:12824: checking that generated files are newer than configure
configure:12830: result: done
configure:12857: creating ./config.status

## ---------------- ##
## Cache variables. ##
## ---------------- ##

ac_cv_build=x86_64-suse-linux-gnu
ac_cv_c_compiler_gnu=yes
ac_cv_env_CC_set=
ac_cv_env_CC_value=
ac_cv_env_CFLAGS_set=
ac_cv_env_CFLAGS_value=
ac_cv_env_CPPFLAGS_set=
ac_cv_env_CPPFLAGS_value=
ac_cv_env_CPP_set=
ac_cv_env_CPP_value=
ac_cv_env_LDFLAGS_set=
ac_cv_env_LDFLAGS_value=
ac_cv_env_LIBS_set=
ac_cv_env_LIBS_value=
ac_cv_env_build_alias_set=
ac_cv_env_build_alias_value=
ac_cv_env_host_alias_set=
ac_cv_env_host_alias_value=
ac_cv_env_target_alias_set=
ac_cv_env_target_alias_value=
ac_cv_func_bind_textdomain_codeset=yes
ac_cv_func_dcgettext=yes
ac_cv_header_dlfcn_h=yes
ac_cv_header_inttypes_h=yes
ac_cv_header_libintl_h=yes
ac_cv_header_locale_h=yes
ac_cv_header_memory_h=yes
ac_cv_header_stdc=yes
ac_cv_header_stdint_h=yes
ac_cv_header_stdlib_h=yes
ac_cv_header_string_h=yes
ac_cv_header_strings_h=yes
ac_cv_header_sys_stat_h=yes
ac_cv_header_sys_types_h=yes
ac_cv_header_unistd_h=yes
ac_cv_host=x86_64-suse-linux-gnu
ac_cv_objext=o
ac_cv_path_EGREP='/usr/bin/grep -E'
ac_cv_path_FGREP='/usr/bin/grep -F'
ac_cv_path_GMSGFMT=/usr/bin/msgfmt
ac_cv_path_GREP=/usr/bin/grep
ac_cv_path_INTLTOOL_EXTRACT=/usr/bin/intltool-extract
ac_cv_path_INTLTOOL_MERGE=/usr/bin/intltool-merge
ac_cv_path_INTLTOOL_PERL=/usr/bin/perl
ac_cv_path_INTLTOOL_UPDATE=/usr/bin/intltool-update
ac_cv_path_MSGFMT=/usr/bin/msgfmt
ac_cv_path_MSGMERGE=/usr/bin/msgmerge
ac_cv_path_SED=/usr/bin/sed
ac_cv_path_XGETTEXT=/usr/bin/xgettext
ac_cv_path_install='/usr/bin/install -c'
ac_cv_path_mkdir=/usr/bin/mkdir
ac_cv_prog_AWK=gawk
ac_cv_prog_CPP='gcc -E'
ac_cv_prog_ac_ct_AR=ar
ac_cv_prog_ac_ct_CC=gcc
ac_cv_prog_ac_ct_MANIFEST_TOOL=mt
ac_cv_prog_ac_ct_OBJDUMP=objdump
ac_cv_prog_ac_ct_RANLIB=ranlib
ac_cv_prog_ac_ct_STRIP=strip
ac_cv_prog_cc_c89=
ac_cv_prog_cc_g=yes
ac_cv_prog_make_make_set=yes
am_cv_CC_dependencies_compiler_type=gcc3
am_cv_make_support_nested_variables=yes
am_cv_val_LC_MESSAGES=yes
gt_cv_func_dgettext_libc=yes
gt_cv_func_dgettext_libintl=no
gt_cv_func_ngettext_libc=yes
gt_cv_have_gettext=yes
lt_cv_ar_at_file=@
lt_cv_archive_cmds_need_lc=no
lt_cv_deplibs_check_method=pass_all
lt_cv_file_magic_cmd='$MAGIC_CMD'
lt_cv_file_magic_test_file=
lt_cv_ld_reload_flag=-r
lt_cv_nm_interface='BSD nm'
lt_cv_objdir=.libs
lt_cv_path_LD=/usr/x86_64-suse-linux/bin/ld
lt_cv_path_NM='/usr/bin/nm -B'
lt_cv_path_mainfest_tool=no
lt_cv_prog_compiler_c_o=yes
lt_cv_prog_compiler_pic='-fPIC -DPIC'
lt_cv_prog_compiler_pic_works=yes
lt_cv_prog_compiler_rtti_exceptions=no
lt_cv_prog_compiler_static_works=yes
lt_cv_prog_gnu_ld=yes
lt_cv_sharedlib_from_linklib_cmd='printf %s\n'
lt_cv_shlibpath_overrides_runpath=yes
lt_cv_sys_global_symbol_pipe='sed -n -e '\''s/^.*[	 ]\([ABCDGIRSTW][ABCDGIRSTW]*\)[	 ][	 ]*\([_A-Za-z][_A-Za-z0-9]*\)$/\1 \2 \2/p'\'' | sed '\''/ __gnu_lto/d'\'''
lt_cv_sys_global_symbol_to_c_name_address='sed -n -e '\''s/^: \([^ ]*\)[ ]*$/  {\"\1\", (void *) 0},/p'\'' -e '\''s/^[ABCDGIRSTW]* \([^ ]*\) \([^ ]*\)$/  {"\2", (void *) \&\2},/p'\'''
lt_cv_sys_global_symbol_to_c_name_address_lib_prefix='sed -n -e '\''s/^: \([^ ]*\)[ ]*$/  {\"\1\", (void *) 0},/p'\'' -e '\''s/^[ABCDGIRSTW]* \([^ ]*\) \(lib[^ ]*\)$/  {"\2", (void *) \&\2},/p'\'' -e '\''s/^[ABCDGIRSTW]* \([^ ]*\) \([^ ]*\)$/  {"lib\2", (void *) \&\2},/p'\'''
lt_cv_sys_global_symbol_to_cdecl='sed -n -e '\''s/^T .* \(.*\)$/extern int \1();/p'\'' -e '\''s/^[ABCDGIRSTW]* .* \(.*\)$/extern char \1;/p'\'''
lt_cv_sys_max_cmd_len=1572864
lt_cv_to_host_file_cmd=func_convert_file_noop
lt_cv_to_tool_file_cmd=func_convert_file_noop

## ----------------- ##
## Output variables. ##
## ----------------- ##

ACLOCAL='${SHELL} /data/dev/cc++/1_ansi_c/genuser/github/genuser/missing aclocal-1.13'
ALL_LINGUAS=''
AMDEPBACKSLASH='\'
AMDEP_FALSE='#'
AMDEP_TRUE=''
AMTAR='$${TAR-tar}'
AM_BACKSLASH='\'
AM_DEFAULT_V='$(AM_DEFAULT_VERBOSITY)'
AM_DEFAULT_VERBOSITY='0'
AM_V='$(V)'
AR='ar'
AUTOCONF='${SHELL} /data/dev/cc++/1_ansi_c/genuser/github/genuser/missing autoconf'
AUTOHEADER='${SHELL} /data/dev/cc++/1_ansi_c/genuser/github/genuser/missing autoheader'
AUTOMAKE='${SHELL} /data/dev/cc++/1_ansi_c/genuser/github/genuser/missing automake-1.13'
AWK='gawk'
CATALOGS=''
CATOBJEXT='.gmo'
CC='gcc'
CCDEPMODE='depmode=gcc3'
CFLAGS='-g -O2'
CPP='gcc -E'
CPPFLAGS=''
CYGPATH_W='echo'
DATADIRNAME='share'
DEFS='-DHAVE_CONFIG_H'
DEPDIR='.deps'
DLLTOOL='false'
DSYMUTIL=''
DUMPBIN=''
ECHO_C=''
ECHO_N='-n'
ECHO_T=''
EGREP='/usr/bin/grep -E'
EXEEXT=''
FGREP='/usr/bin/grep -F'
GETTEXT_PACKAGE='genuser'
GMOFILES=''
GMSGFMT='/usr/bin/msgfmt'
GREP='/usr/bin/grep'
INSTALL_DATA='${INSTALL} -m 644'
INSTALL_PROGRAM='${INSTALL}'
INSTALL_SCRIPT='${INSTALL}'
INSTALL_STRIP_PROGRAM='$(install_sh) -c -s'
INSTOBJEXT='.mo'
INTLLIBS=''
INTLTOOL_CAVES_RULE='%.caves:     %.caves.in     $(INTLTOOL_MERGE) $(wildcard $(top_srcdir)/po/*.po) ; $(INTLTOOL_V_MERGE)LC_ALL=C $(INTLTOOL_MERGE) $(INTLTOOL_V_MERGE_OPTIONS) -d -u -c $(top_builddir)/po/.intltool-merge-cache $(top_srcdir)/po $< $@'
INTLTOOL_DESKTOP_RULE='%.desktop:   %.desktop.in   $(INTLTOOL_MERGE) $(wildcard $(top_srcdir)/po/*.po) ; $(INTLTOOL_V_MERGE)LC_ALL=C $(INTLTOOL_MERGE) $(INTLTOOL_V_MERGE_OPTIONS) -d -u -c $(top_builddir)/po/.intltool-merge-cache $(top_srcdir)/po $< $@'
INTLTOOL_DIRECTORY_RULE='%.directory: %.directory.in $(INTLTOOL_MERGE) $(wildcard $(top_srcdir)/po/*.po) ; $(INTLTOOL_V_MERGE)LC_ALL=C $(INTLTOOL_MERGE) $(INTLTOOL_V_MERGE_OPTIONS) -d -u -c $(top_builddir)/po/.intltool-merge-cache $(top_srcdir)/po $< $@'
INTLTOOL_EXTRACT='/usr/bin/intltool-extract'
INTLTOOL_KBD_RULE='%.kbd:       %.kbd.in       $(INTLTOOL_MERGE) $(wildcard $(top_srcdir)/po/*.po) ; $(INTLTOOL_V_MERGE)LC_ALL=C $(INTLTOOL_MERGE) $(INTLTOOL_V_MERGE_OPTIONS) -x -u -m -c $(top_builddir)/po/.intltool-merge-cache $(top_srcdir)/po $< $@'
INTLTOOL_KEYS_RULE='%.keys:      %.keys.in      $(INTLTOOL_MERGE) $(wildcard $(top_srcdir)/po/*.po) ; $(INTLTOOL_V_MERGE)LC_ALL=C $(INTLTOOL_MERGE) $(INTLTOOL_V_MERGE_OPTIONS) -k -u -c $(top_builddir)/po/.intltool-merge-cache $(top_srcdir)/po $< $@'
INTLTOOL_MERGE='/usr/bin/intltool-merge'
INTLTOOL_OAF_RULE='%.oaf:       %.oaf.in       $(INTLTOOL_MERGE) $(wildcard $(top_srcdir)/po/*.po) ; $(INTLTOOL_V_MERGE)LC_ALL=C $(INTLTOOL_MERGE) $(INTLTOOL_V_MERGE_OPTIONS) -o -p $(top_srcdir)/po $< $@'
INTLTOOL_PERL='/usr/bin/perl'
INTLTOOL_POLICY_RULE='%.policy:    %.policy.in    $(INTLTOOL_MERGE) $(wildcard $(top_srcdir)/po/*.po) ; $(INTLTOOL_V_MERGE)LC_ALL=C $(INTLTOOL_MERGE) $(INTLTOOL_V_MERGE_OPTIONS) -x -u -c $(top_builddir)/po/.intltool-merge-cache $(top_srcdir)/po $< $@'
INTLTOOL_PONG_RULE='%.pong:      %.pong.in      $(INTLTOOL_MERGE) $(wildcard $(top_srcdir)/po/*.po) ; $(INTLTOOL_V_MERGE)LC_ALL=C $(INTLTOOL_MERGE) $(INTLTOOL_V_MERGE_OPTIONS) -x -u -c $(top_builddir)/po/.intltool-merge-cache $(top_srcdir)/po $< $@'
INTLTOOL_PROP_RULE='%.prop:      %.prop.in      $(INTLTOOL_MERGE) $(wildcard $(top_srcdir)/po/*.po) ; $(INTLTOOL_V_MERGE)LC_ALL=C $(INTLTOOL_MERGE) $(INTLTOOL_V_MERGE_OPTIONS) -d -u -c $(top_builddir)/po/.intltool-merge-cache $(top_srcdir)/po $< $@'
INTLTOOL_SCHEMAS_RULE='%.schemas:   %.schemas.in   $(INTLTOOL_MERGE) $(wildcard $(top_srcdir)/po/*.po) ; $(INTLTOOL_V_MERGE)LC_ALL=C $(INTLTOOL_MERGE) $(INTLTOOL_V_MERGE_OPTIONS) -s -u -c $(top_builddir)/po/.intltool-merge-cache $(top_srcdir)/po $< $@'
INTLTOOL_SERVER_RULE='%.server:    %.server.in    $(INTLTOOL_MERGE) $(wildcard $(top_srcdir)/po/*.po) ; $(INTLTOOL_V_MERGE)LC_ALL=C $(INTLTOOL_MERGE) $(INTLTOOL_V_MERGE_OPTIONS) -o -u -c $(top_builddir)/po/.intltool-merge-cache $(top_srcdir)/po $< $@'
INTLTOOL_SERVICE_RULE='%.service: %.service.in   $(INTLTOOL_MERGE) $(wildcard $(top_srcdir)/po/*.po) ; $(INTLTOOL_V_MERGE)LC_ALL=C $(INTLTOOL_MERGE) $(INTLTOOL_V_MERGE_OPTIONS) -d -u -c $(top_builddir)/po/.intltool-merge-cache $(top_srcdir)/po $< $@'
INTLTOOL_SHEET_RULE='%.sheet:     %.sheet.in     $(INTLTOOL_MERGE) $(wildcard $(top_srcdir)/po/*.po) ; $(INTLTOOL_V_MERGE)LC_ALL=C $(INTLTOOL_MERGE) $(INTLTOOL_V_MERGE_OPTIONS) -x -u -c $(top_builddir)/po/.intltool-merge-cache $(top_srcdir)/po $< $@'
INTLTOOL_SOUNDLIST_RULE='%.soundlist: %.soundlist.in $(INTLTOOL_MERGE) $(wildcard $(top_srcdir)/po/*.po) ; $(INTLTOOL_V_MERGE)LC_ALL=C $(INTLTOOL_MERGE) $(INTLTOOL_V_MERGE_OPTIONS) -d -u -c $(top_builddir)/po/.intltool-merge-cache $(top_srcdir)/po $< $@'
INTLTOOL_THEME_RULE='%.theme:     %.theme.in     $(INTLTOOL_MERGE) $(wildcard $(top_srcdir)/po/*.po) ; $(INTLTOOL_V_MERGE)LC_ALL=C $(INTLTOOL_MERGE) $(INTLTOOL_V_MERGE_OPTIONS) -d -u -c $(top_builddir)/po/.intltool-merge-cache $(top_srcdir)/po $< $@'
INTLTOOL_UI_RULE='%.ui:        %.ui.in        $(INTLTOOL_MERGE) $(wildcard $(top_srcdir)/po/*.po) ; $(INTLTOOL_V_MERGE)LC_ALL=C $(INTLTOOL_MERGE) $(INTLTOOL_V_MERGE_OPTIONS) -x -u -c $(top_builddir)/po/.intltool-merge-cache $(top_srcdir)/po $< $@'
INTLTOOL_UPDATE='/usr/bin/intltool-update'
INTLTOOL_V_MERGE='$(INTLTOOL__v_MERGE_$(V))'
INTLTOOL_V_MERGE_OPTIONS='$(intltool__v_merge_options_$(V))'
INTLTOOL_XAM_RULE='%.xam:       %.xml.in       $(INTLTOOL_MERGE) $(wildcard $(top_srcdir)/po/*.po) ; $(INTLTOOL_V_MERGE)LC_ALL=C $(INTLTOOL_MERGE) $(INTLTOOL_V_MERGE_OPTIONS) -x -u -c $(top_builddir)/po/.intltool-merge-cache $(top_srcdir)/po $< $@'
INTLTOOL_XML_NOMERGE_RULE='%.xml:       %.xml.in       $(INTLTOOL_MERGE) ; $(INTLTOOL_V_MERGE)LC_ALL=C $(INTLTOOL_MERGE) $(INTLTOOL_V_MERGE_OPTIONS) -x -u --no-translations $< $@'
INTLTOOL_XML_RULE='%.xml:       %.xml.in       $(INTLTOOL_MERGE) $(wildcard $(top_srcdir)/po/*.po) ; $(INTLTOOL_V_MERGE)LC_ALL=C $(INTLTOOL_MERGE) $(INTLTOOL_V_MERGE_OPTIONS) -x -u -c $(top_builddir)/po/.intltool-merge-cache $(top_srcdir)/po $< $@'
INTLTOOL__v_MERGE_0='@echo "  ITMRG " $@;'
INTLTOOL__v_MERGE_='$(INTLTOOL__v_MERGE_$(AM_DEFAULT_VERBOSITY))'
LD='/usr/x86_64-suse-linux/bin/ld -m elf_x86_64'
LDFLAGS=''
LIBOBJS=''
LIBS=''
LIBTOOL='$(SHELL) $(top_builddir)/libtool'
LIPO=''
LN_S='ln -s'
LTLIBOBJS=''
MAKEINFO='${SHELL} /data/dev/cc++/1_ansi_c/genuser/github/genuser/missing makeinfo'
MANIFEST_TOOL=':'
MKDIR_P='/usr/bin/mkdir -p'
MKINSTALLDIRS='./mkinstalldirs'
MSGFMT='/usr/bin/msgfmt'
MSGFMT_OPTS='-c'
MSGMERGE='/usr/bin/msgmerge'
NM='/usr/bin/nm -B'
NMEDIT=''
OBJDUMP='objdump'
OBJEXT='o'
OTOOL64=''
OTOOL=''
PACKAGE='genuser'
PACKAGE_BUGREPORT=''
PACKAGE_NAME='genuser'
PACKAGE_STRING='genuser 1.0'
PACKAGE_TARNAME='genuser'
PACKAGE_URL=''
PACKAGE_VERSION='1.0'
PATH_SEPARATOR=':'
POFILES=''
POSUB='po'
PO_IN_DATADIR_FALSE=''
PO_IN_DATADIR_TRUE=''
RANLIB='ranlib'
SED='/usr/bin/sed'
SET_MAKE=''
SHELL='/bin/sh'
STRIP='strip'
USE_NLS='yes'
VERSION='1.0'
XGETTEXT='/usr/bin/xgettext'
ac_ct_AR='ar'
ac_ct_CC='gcc'
ac_ct_DUMPBIN=''
am__EXEEXT_FALSE=''
am__EXEEXT_TRUE='#'
am__fastdepCC_FALSE='#'
am__fastdepCC_TRUE=''
am__include='include'
am__isrc=''
am__leading_dot='.'
am__nodep='_no'
am__quote=''
am__tar='$${TAR-tar} chof - "$$tardir"'
am__untar='$${TAR-tar} xf -'
bindir='${exec_prefix}/bin'
build='x86_64-suse-linux-gnu'
build_alias=''
build_cpu='x86_64'
build_os='linux-gnu'
build_vendor='suse'
datadir='${datarootdir}'
datarootdir='${prefix}/share'
docdir='${datarootdir}/doc/${PACKAGE_TARNAME}'
dvidir='${docdir}'
exec_prefix='${prefix}'
host='x86_64-suse-linux-gnu'
host_alias=''
host_cpu='x86_64'
host_os='linux-gnu'
host_vendor='suse'
htmldir='${docdir}'
includedir='${prefix}/include'
infodir='${datarootdir}/info'
install_sh='${SHELL} /data/dev/cc++/1_ansi_c/genuser/github/genuser/install-sh'
intltool__v_merge_options_0='-q'
intltool__v_merge_options_='$(intltool__v_merge_options_$(AM_DEFAULT_VERBOSITY))'
libdir='${exec_prefix}/lib64'
libexecdir='${exec_prefix}/lib'
localedir='${datarootdir}/locale'
localstatedir='${prefix}/var'
mandir='${datarootdir}/man'
mkdir_p='$(MKDIR_P)'
oldincludedir='/usr/include'
pdfdir='${docdir}'
prefix='/usr/local'
program_transform_name='s,x,x,'
psdir='${docdir}'
sbindir='${exec_prefix}/sbin'
sharedstatedir='${prefix}/com'
sysconfdir='${prefix}/etc'
target_alias=''

## ----------- ##
## confdefs.h. ##
## ----------- ##

/* confdefs.h */
#define PACKAGE_NAME "genuser"
#define PACKAGE_TARNAME "genuser"
#define PACKAGE_VERSION "1.0"
#define PACKAGE_STRING "genuser 1.0"
#define PACKAGE_BUGREPORT ""
#define PACKAGE_URL ""
#define PACKAGE "genuser"
#define VERSION "1.0"
#define GETTEXT_PACKAGE "genuser"
#define STDC_HEADERS 1
#define HAVE_SYS_TYPES_H 1
#define HAVE_SYS_STAT_H 1
#define HAVE_STDLIB_H 1
#define HAVE_STRING_H 1
#define HAVE_MEMORY_H 1
#define HAVE_STRINGS_H 1
#define HAVE_INTTYPES_H 1
#define HAVE_STDINT_H 1
#define HAVE_UNISTD_H 1
#define HAVE_LOCALE_H 1
#define HAVE_LC_MESSAGES 1
#define HAVE_BIND_TEXTDOMAIN_CODESET 1
#define HAVE_GETTEXT 1
#define HAVE_DCGETTEXT 1
#define ENABLE_NLS 1
#define HAVE_DLFCN_H 1
#define LT_OBJDIR ".libs/"

configure: exit 0

## ---------------------- ##
## Running config.status. ##
## ---------------------- ##

This file was extended by genuser config.status 1.0, which was
generated by GNU Autoconf 2.69.  Invocation command line was

  CONFIG_FILES    = 
  CONFIG_HEADERS  = 
  CONFIG_LINKS    = 
  CONFIG_COMMANDS = 
  $ ./config.status 

on atuxsuse.suse

config.status:1159: creating Makefile
config.status:1159: creating src/Makefile
config.status:1159: creating po/Makefile.in
config.status:1159: creating config.h
config.status:1340: config.h is unchanged
config.status:1388: executing depfiles commands
config.status:1388: executing default-1 commands
config.status:1388: executing libtool commands
config.status:1388: executing po/stamp-it commands

## ---------------------- ##
## Running config.status. ##
## ---------------------- ##

This file was extended by genuser config.status 1.0, which was
generated by GNU Autoconf 2.69.  Invocation command line was

  CONFIG_FILES    = 
  CONFIG_HEADERS  = 
  CONFIG_LINKS    = 
  CONFIG_COMMANDS = 
  $ ./config.status config.h

on atuxsuse.suse

config.status:1159: creating config.h
config.status:1340: config.h is unchanged

## ---------------------- ##
## Running config.status. ##
## ---------------------- ##

This file was extended by genuser config.status 1.0, which was
generated by GNU Autoconf 2.69.  Invocation command line was

  CONFIG_FILES    = 
  CONFIG_HEADERS  = 
  CONFIG_LINKS    = 
  CONFIG_COMMANDS = 
  $ ./config.status src/Makefile depfiles

on atuxsuse.suse

config.status:1159: creating src/Makefile
config.status:1388: executing depfiles commands
