This file contains any messages produced by compilers while
running configure, to aid debugging if configure makes a mistake.

It was created by genuser configure 1.0, which was
generated by GNU Autoconf 2.69.  Invocation command line was

  $ /data/dev/cc++/1_ansi_c/genuser/github/genuser/configure --enable-maintainer-mode CFLAGS=-O2 CXXFLAGS=-O2 JFLAGS=-O2 FFLAGS=-O2

## --------- ##
## Platform. ##
## --------- ##

hostname = atuxsuse.suse
uname -m = x86_64
uname -r = 4.1.20-11-default
uname -s = Linux
uname -v = #1 SMP PREEMPT Fri Mar 18 14:42:07 UTC 2016 (0a392b2)

/usr/bin/uname -p = x86_64
/bin/uname -X     = unknown

/bin/arch              = x86_64
/usr/bin/arch -k       = unknown
/usr/convex/getsysinfo = unknown
/usr/bin/hostinfo      = unknown
/bin/machine           = unknown
/usr/bin/oslevel       = unknown
/bin/universe          = unknown

PATH: /home/vroncevic/perl5/bin
PATH: /usr/lib64/mpi/gcc/openmpi/bin
PATH: /home/vroncevic/bin
PATH: /usr/local/bin
PATH: /usr/bin
PATH: /bin
PATH: /usr/bin/X11
PATH: /usr/games
PATH: /opt/kde3/bin
PATH: /usr/lib/mit/bin
PATH: /usr/lib/mit/sbin


## ----------- ##
## Core tests. ##
## ----------- ##

configure:2151: loading site script /usr/share/site/x86_64-unknown-linux-gnu
| #!/bin/sh
| # Site script for configure. It is resourced via $CONFIG_SITE environment varaible.
| 
| # If user did not specify libdir, guess the correct target:
| # Use lib64 for 64 bit bi-arch targets, keep the default for the rest.
| if test "$libdir" = '${exec_prefix}/lib' ; then
| 
| 	ac_config_site_64bit_host=NONE
| 
| 	case "$host" in
| 	"" )
| 		# User did not specify host target.
| 		# The native platform x86_64 is a bi-arch platform.
| 		# Try to detect cross-compilation to inferior architecture.
| 
| 		# We are trying to guess 32-bit target compilation. It's not as easy as
| 		# it sounds, as there is possible several intermediate combinations.
| 		ac_config_site_cross_to_32bit_host=NONE
| 
| 		# User defined -m32 in CFLAGS or CXXFLAGS or CC or CXX:
| 		# (It's sufficient for 32-bit, but alone may cause mis-behavior of some checks.)
| 		case "$CFLAGS $CXXFLAGS $CC $CXX" in
| 		*-m32*)
| 			ac_config_site_cross_to_32bit_host=YES
| 			;;
| 		esac
| 
| 		# Running with linux32:
| 		# (Changes detected platform, but not the toolchain target.)
| 		case "`/bin/uname -i`" in
| 		x86_64 | ppc64 | s390x )
| 			;;
| 		* )
| 			ac_config_site_cross_to_32bit_host=YES
| 			;;
| 		esac
| 
| 		if test "x$ac_config_site_cross_to_32bit_host" = xNONE; then
| 			ac_config_site_64bit_host=YES
| 		fi
| 
| 		;;
| 	*x86_64* | *ppc64* | *s390x* )
| 		ac_config_site_64bit_host=YES
| 		;;
| 	esac
| 
| 	if test "x$ac_config_site_64bit_host" = xYES; then
| 		libdir='${exec_prefix}/lib64'
| 	fi
| fi
| 
| # If user did not specify libexecdir, set the correct target:
| # Nor FHS nor openSUSE allow prefix/libexec. Let's default to prefix/lib.
| 
| if test "$libexecdir" = '${exec_prefix}/libexec' ; then
| 	libexecdir='${exec_prefix}/lib'
| fi
| 
| # Continue with the standard behavior of configure defined in AC_SITE_LOAD:
| if test "x$prefix" != xNONE; then
| 	ac_site_file1=$prefix/share/config.site
| 	ac_site_file2=$prefix/etc/config.site
| else
| 	ac_site_file1=$ac_default_prefix/share/config.site
| 	ac_site_file2=$ac_default_prefix/etc/config.site
| fi
| for ac_site_file in "$ac_site_file1" "$ac_site_file2"
| do
| 	test "x$ac_site_file" = xNONE && continue
| 	if test /dev/null != "$ac_site_file" && test -r "$ac_site_file"; then
| 		{ $as_echo "/usr/share/site/x86_64-unknown-linux-gnu:${as_lineno-$LINENO}: loading site script $ac_site_file" >&5
| $as_echo "/usr/share/site/x86_64-unknown-linux-gnu: loading site script $ac_site_file" >&6;}
| 		sed 's/^/| /' "$ac_site_file" >&5
| 		. "$ac_site_file" \
| 			|| { { $as_echo "/usr/share/site/x86_64-unknown-linux-gnu:${as_lineno-$LINENO}: error: in \`$ac_pwd':" >&5
| $as_echo "/usr/share/site/x86_64-unknown-linux-gnu: error: in \`$ac_pwd':" >&2;}
| as_fn_error $? "failed to load site script $ac_site_file
| See \`config.log' for more details" "$LINENO" 5; }
| 	fi
| done
configure:2296: checking for a BSD-compatible install
configure:2364: result: /usr/bin/install -c
configure:2375: checking whether build environment is sane
configure:2430: result: yes
configure:2581: checking for a thread-safe mkdir -p
configure:2620: result: /usr/bin/mkdir -p
configure:2627: checking for gawk
configure:2643: found /usr/bin/gawk
configure:2654: result: gawk
configure:2665: checking whether make sets $(MAKE)
configure:2687: result: yes
configure:2716: checking whether make supports nested variables
configure:2733: result: yes
configure:2829: checking whether make supports nested variables
configure:2846: result: yes
configure:2906: checking for gcc
configure:2922: found /usr/bin/gcc
configure:2933: result: gcc
configure:3162: checking for C compiler version
configure:3171: gcc --version >&5
gcc (SUSE Linux) 4.8.5
Copyright (C) 2015 Free Software Foundation, Inc.
This is free software; see the source for copying conditions.  There is NO
warranty; not even for MERCHANTABILITY or FITNESS FOR A PARTICULAR PURPOSE.

configure:3182: $? = 0
configure:3171: gcc -v >&5
Using built-in specs.
COLLECT_GCC=gcc
COLLECT_LTO_WRAPPER=/usr/lib64/gcc/x86_64-suse-linux/4.8/lto-wrapper
Target: x86_64-suse-linux
Configured with: ../configure --prefix=/usr --infodir=/usr/share/info --mandir=/usr/share/man --libdir=/usr/lib64 --libexecdir=/usr/lib64 --enable-languages=c,c++,objc,fortran,obj-c++,java,ada --enable-checking=release --with-gxx-include-dir=/usr/include/c++/4.8 --enable-ssp --disable-libssp --disable-plugin --with-bugurl=http://bugs.opensuse.org/ --with-pkgversion='SUSE Linux' --disable-libgcj --disable-libmudflap --with-slibdir=/lib64 --with-system-zlib --enable-__cxa_atexit --enable-libstdcxx-allocator=new --disable-libstdcxx-pch --enable-version-specific-runtime-libs --enable-linker-build-id --enable-linux-futex --program-suffix=-4.8 --without-system-libunwind --with-arch-32=i586 --with-tune=generic --build=x86_64-suse-linux --host=x86_64-suse-linux
Thread model: posix
gcc version 4.8.5 (SUSE Linux) 
configure:3182: $? = 0
configure:3171: gcc -V >&5
gcc: error: unrecognized command line option '-V'
gcc: fatal error: no input files
compilation terminated.
configure:3182: $? = 1
configure:3171: gcc -qversion >&5
gcc: error: unrecognized command line option '-qversion'
gcc: fatal error: no input files
compilation terminated.
configure:3182: $? = 1
configure:3202: checking whether the C compiler works
configure:3224: gcc -O2   conftest.c  >&5
configure:3228: $? = 0
configure:3276: result: yes
configure:3279: checking for C compiler default output file name
configure:3281: result: a.out
configure:3287: checking for suffix of executables
configure:3294: gcc -o conftest -O2   conftest.c  >&5
configure:3298: $? = 0
configure:3320: result: 
configure:3342: checking whether we are cross compiling
configure:3350: gcc -o conftest -O2   conftest.c  >&5
configure:3354: $? = 0
configure:3361: ./conftest
configure:3365: $? = 0
configure:3380: result: no
configure:3385: checking for suffix of object files
configure:3407: gcc -c -O2  conftest.c >&5
configure:3411: $? = 0
configure:3432: result: o
configure:3436: checking whether we are using the GNU C compiler
configure:3455: gcc -c -O2  conftest.c >&5
configure:3455: $? = 0
configure:3464: result: yes
configure:3473: checking whether gcc accepts -g
configure:3493: gcc -c -g  conftest.c >&5
configure:3493: $? = 0
configure:3534: result: yes
configure:3551: checking for gcc option to accept ISO C89
configure:3614: gcc  -c -O2  conftest.c >&5
configure:3614: $? = 0
configure:3627: result: none needed
configure:3658: checking for style of include used by make
configure:3686: result: GNU
configure:3712: checking dependency style of gcc
configure:3823: result: gcc3
configure:3843: checking whether NLS is requested
configure:3852: result: yes
configure:3871: checking for intltool >= 0.35.0
configure:3873: result: 0.50.2 found
configure:3881: checking for intltool-update
configure:3899: found /usr/bin/intltool-update
configure:3911: result: /usr/bin/intltool-update
configure:3921: checking for intltool-merge
configure:3939: found /usr/bin/intltool-merge
configure:3951: result: /usr/bin/intltool-merge
configure:3961: checking for intltool-extract
configure:3979: found /usr/bin/intltool-extract
configure:3991: result: /usr/bin/intltool-extract
configure:4145: checking for xgettext
configure:4163: found /usr/bin/xgettext
configure:4175: result: /usr/bin/xgettext
configure:4185: checking for msgmerge
configure:4203: found /usr/bin/msgmerge
configure:4215: result: /usr/bin/msgmerge
configure:4225: checking for msgfmt
configure:4243: found /usr/bin/msgfmt
configure:4255: result: /usr/bin/msgfmt
configure:4265: checking for gmsgfmt
configure:4296: result: /usr/bin/msgfmt
configure:4316: checking for perl
configure:4334: found /usr/bin/perl
configure:4346: result: /usr/bin/perl
configure:4357: checking for perl >= 5.8.1
configure:4364: result: 5.18.2
configure:4368: checking for XML::Parser
configure:4371: result: ok
configure:4396: gcc -o conftest -O2   conftest.c  >&5
configure:4396: $? = 0
configure:4436: checking how to run the C preprocessor
configure:4467: gcc -E  conftest.c
configure:4467: $? = 0
configure:4481: gcc -E  conftest.c
conftest.c:12:28: fatal error: ac_nonexistent.h: No such file or directory
 #include <ac_nonexistent.h>
                            ^
compilation terminated.
configure:4481: $? = 1
configure: failed program was:
| /* confdefs.h */
| #define PACKAGE_NAME "genuser"
| #define PACKAGE_TARNAME "genuser"
| #define PACKAGE_VERSION "1.0"
| #define PACKAGE_STRING "genuser 1.0"
| #define PACKAGE_BUGREPORT ""
| #define PACKAGE_URL ""
| #define PACKAGE "genuser"
| #define VERSION "1.0"
| #define GETTEXT_PACKAGE "genuser"
| /* end confdefs.h.  */
| #include <ac_nonexistent.h>
configure:4506: result: gcc -E
configure:4526: gcc -E  conftest.c
configure:4526: $? = 0
configure:4540: gcc -E  conftest.c
conftest.c:12:28: fatal error: ac_nonexistent.h: No such file or directory
 #include <ac_nonexistent.h>
                            ^
compilation terminated.
configure:4540: $? = 1
configure: failed program was:
| /* confdefs.h */
| #define PACKAGE_NAME "genuser"
| #define PACKAGE_TARNAME "genuser"
| #define PACKAGE_VERSION "1.0"
| #define PACKAGE_STRING "genuser 1.0"
| #define PACKAGE_BUGREPORT ""
| #define PACKAGE_URL ""
| #define PACKAGE "genuser"
| #define VERSION "1.0"
| #define GETTEXT_PACKAGE "genuser"
| /* end confdefs.h.  */
| #include <ac_nonexistent.h>
configure:4569: checking for grep that handles long lines and -e
configure:4627: result: /usr/bin/grep
configure:4632: checking for egrep
configure:4694: result: /usr/bin/grep -E
configure:4699: checking for ANSI C header files
configure:4719: gcc -c -O2  conftest.c >&5
configure:4719: $? = 0
configure:4792: gcc -o conftest -O2   conftest.c  >&5
configure:4792: $? = 0
configure:4792: ./conftest
configure:4792: $? = 0
configure:4803: result: yes
configure:4816: checking for sys/types.h
configure:4816: gcc -c -O2  conftest.c >&5
configure:4816: $? = 0
configure:4816: result: yes
configure:4816: checking for sys/stat.h
configure:4816: gcc -c -O2  conftest.c >&5
configure:4816: $? = 0
configure:4816: result: yes
configure:4816: checking for stdlib.h
configure:4816: gcc -c -O2  conftest.c >&5
configure:4816: $? = 0
configure:4816: result: yes
configure:4816: checking for string.h
configure:4816: gcc -c -O2  conftest.c >&5
configure:4816: $? = 0
configure:4816: result: yes
configure:4816: checking for memory.h
configure:4816: gcc -c -O2  conftest.c >&5
configure:4816: $? = 0
configure:4816: result: yes
configure:4816: checking for strings.h
configure:4816: gcc -c -O2  conftest.c >&5
configure:4816: $? = 0
configure:4816: result: yes
configure:4816: checking for inttypes.h
configure:4816: gcc -c -O2  conftest.c >&5
configure:4816: $? = 0
configure:4816: result: yes
configure:4816: checking for stdint.h
configure:4816: gcc -c -O2  conftest.c >&5
configure:4816: $? = 0
configure:4816: result: yes
configure:4816: checking for unistd.h
configure:4816: gcc -c -O2  conftest.c >&5
configure:4816: $? = 0
configure:4816: result: yes
configure:4831: checking locale.h usability
configure:4831: gcc -c -O2  conftest.c >&5
configure:4831: $? = 0
configure:4831: result: yes
configure:4831: checking locale.h presence
configure:4831: gcc -E  conftest.c
configure:4831: $? = 0
configure:4831: result: yes
configure:4831: checking for locale.h
configure:4831: result: yes
configure:4842: checking for LC_MESSAGES
configure:4858: gcc -o conftest -O2   conftest.c  >&5
configure:4858: $? = 0
configure:4866: result: yes
configure:4883: checking libintl.h usability
configure:4883: gcc -c -O2  conftest.c >&5
configure:4883: $? = 0
configure:4883: result: yes
configure:4883: checking libintl.h presence
configure:4883: gcc -E  conftest.c
configure:4883: $? = 0
configure:4883: result: yes
configure:4883: checking for libintl.h
configure:4883: result: yes
configure:4891: checking for ngettext in libc
configure:4909: gcc -o conftest -O2   conftest.c  >&5
configure:4909: $? = 0
configure:4918: result: yes
configure:4922: checking for dgettext in libc
configure:4940: gcc -o conftest -O2   conftest.c  >&5
configure:4940: $? = 0
configure:4949: result: yes
configure:4956: checking for bind_textdomain_codeset
configure:4956: gcc -o conftest -O2   conftest.c  >&5
configure:4956: $? = 0
configure:4956: result: yes
configure:5232: checking for msgfmt
configure:5259: result: /usr/bin/msgfmt
configure:5270: checking for dcgettext
configure:5270: gcc -o conftest -O2   conftest.c   >&5
conftest.c:49:6: warning: conflicting types for built-in function 'dcgettext' [enabled by default]
 char dcgettext ();
      ^
configure:5270: $? = 0
configure:5270: result: yes
configure:5280: checking if msgfmt accepts -c
configure:5295: $MSGFMT -c -o /dev/null conftest.foo
conftest.foo:3: warning: header field 'Language' missing in header
configure:5298: $? = 0
configure:5300: result: yes
configure:5310: checking for gmsgfmt
configure:5341: result: /usr/bin/msgfmt
configure:5351: checking for xgettext
configure:5378: result: /usr/bin/xgettext
configure:5397: gcc -o conftest -O2   conftest.c   >&5
configure:5397: $? = 0
configure:5570: checking build system type
configure:5584: result: x86_64-suse-linux-gnu
configure:5604: checking host system type
configure:5617: result: x86_64-suse-linux-gnu
configure:5658: checking how to print strings
configure:5685: result: printf
configure:5706: checking for a sed that does not truncate output
configure:5770: result: /usr/bin/sed
configure:5788: checking for fgrep
configure:5850: result: /usr/bin/grep -F
configure:5885: checking for ld used by gcc
configure:5952: result: /usr/x86_64-suse-linux/bin/ld
configure:5959: checking if the linker (/usr/x86_64-suse-linux/bin/ld) is GNU ld
configure:5974: result: yes
configure:5986: checking for BSD- or MS-compatible name lister (nm)
configure:6035: result: /usr/bin/nm -B
configure:6165: checking the name lister (/usr/bin/nm -B) interface
configure:6172: gcc -c -O2  conftest.c >&5
configure:6175: /usr/bin/nm -B "conftest.o"
configure:6178: output
0000000000000000 B some_variable
configure:6185: result: BSD nm
configure:6188: checking whether ln -s works
configure:6192: result: yes
configure:6200: checking the maximum length of command line arguments
configure:6330: result: 1572864
configure:6347: checking whether the shell understands some XSI constructs
configure:6357: result: yes
configure:6361: checking whether the shell understands "+="
configure:6367: result: yes
configure:6402: checking how to convert x86_64-suse-linux-gnu file names to x86_64-suse-linux-gnu format
configure:6442: result: func_convert_file_noop
configure:6449: checking how to convert x86_64-suse-linux-gnu file names to toolchain format
configure:6469: result: func_convert_file_noop
configure:6476: checking for /usr/x86_64-suse-linux/bin/ld option to reload object files
configure:6483: result: -r
configure:6557: checking for objdump
configure:6573: found /usr/bin/objdump
configure:6584: result: objdump
configure:6616: checking how to recognize dependent libraries
configure:6818: result: pass_all
configure:6903: checking for dlltool
configure:6933: result: no
configure:6963: checking how to associate runtime and link libraries
configure:6990: result: printf %s\n
configure:7050: checking for ar
configure:7066: found /usr/bin/ar
configure:7077: result: ar
configure:7114: checking for archiver @FILE support
configure:7131: gcc -c -O2  conftest.c >&5
configure:7131: $? = 0
configure:7134: ar cru libconftest.a @conftest.lst >&5
configure:7137: $? = 0
configure:7142: ar cru libconftest.a @conftest.lst >&5
ar: conftest.o: No such file or directory
configure:7145: $? = 1
configure:7157: result: @
configure:7215: checking for strip
configure:7231: found /usr/bin/strip
configure:7242: result: strip
configure:7314: checking for ranlib
configure:7330: found /usr/bin/ranlib
configure:7341: result: ranlib
configure:7443: checking command to parse /usr/bin/nm -B output from gcc object
configure:7563: gcc -c -O2  conftest.c >&5
configure:7566: $? = 0
configure:7570: /usr/bin/nm -B conftest.o \| sed -n -e 's/^.*[ ]\([ABCDGIRSTW][ABCDGIRSTW]*\)[ ][ ]*\([_A-Za-z][_A-Za-z0-9]*\)$/\1 \2 \2/p' | sed '/ __gnu_lto/d' \> conftest.nm
configure:7573: $? = 0
configure:7639: gcc -o conftest -O2   conftest.c conftstm.o >&5
configure:7642: $? = 0
configure:7680: result: ok
configure:7717: checking for sysroot
configure:7747: result: no
configure:7824: gcc -c -O2  conftest.c >&5
configure:7827: $? = 0
configure:8009: checking for mt
configure:8025: found /usr/bin/mt
configure:8036: result: mt
configure:8059: checking if mt is a manifest tool
configure:8065: mt '-?'
configure:8073: result: no
configure:8712: checking for dlfcn.h
configure:8712: gcc -c -O2  conftest.c >&5
configure:8712: $? = 0
configure:8712: result: yes
configure:8918: checking for objdir
configure:8933: result: .libs
configure:9200: checking if gcc supports -fno-rtti -fno-exceptions
configure:9218: gcc -c -O2  -fno-rtti -fno-exceptions conftest.c >&5
cc1: warning: command line option '-fno-rtti' is valid for C++/ObjC++ but not for C [enabled by default]
configure:9222: $? = 0
configure:9235: result: no
configure:9562: checking for gcc option to produce PIC
configure:9569: result: -fPIC -DPIC
configure:9577: checking if gcc PIC flag -fPIC -DPIC works
configure:9595: gcc -c -O2  -fPIC -DPIC -DPIC conftest.c >&5
configure:9599: $? = 0
configure:9612: result: yes
configure:9641: checking if gcc static flag -static works
configure:9669: result: yes
configure:9684: checking if gcc supports -c -o file.o
configure:9705: gcc -c -O2  -o out/conftest2.o conftest.c >&5
configure:9709: $? = 0
configure:9731: result: yes
configure:9739: checking if gcc supports -c -o file.o
configure:9786: result: yes
configure:9819: checking whether the gcc linker (/usr/x86_64-suse-linux/bin/ld -m elf_x86_64) supports shared libraries
configure:10972: result: yes
configure:11009: checking whether -lc should be explicitly linked in
configure:11017: gcc -c -O2  conftest.c >&5
configure:11020: $? = 0
configure:11035: gcc -shared  -fPIC -DPIC conftest.o  -v -Wl,-soname -Wl,conftest -o conftest 2\>\&1 \| /usr/bin/grep  -lc  \>/dev/null 2\>\&1
configure:11038: $? = 0
configure:11052: result: no
configure:11212: checking dynamic linker characteristics
configure:11723: gcc -o conftest -O2   -Wl,-rpath -Wl,/foo conftest.c  >&5
configure:11723: $? = 0
configure:11945: result: GNU/Linux ld.so
configure:12052: checking how to hardcode library paths into programs
configure:12077: result: immediate
configure:12617: checking whether stripping libraries is possible
configure:12622: result: yes
configure:12657: checking if libtool supports shared libraries
configure:12659: result: yes
configure:12662: checking whether to build shared libraries
configure:12683: result: yes
configure:12686: checking whether to build static libraries
configure:12690: result: yes
configure:12843: checking that generated files are newer than configure
configure:12849: result: done
configure:12876: creating ./config.status

## ---------------------- ##
## Running config.status. ##
## ---------------------- ##

This file was extended by genuser config.status 1.0, which was
generated by GNU Autoconf 2.69.  Invocation command line was

  CONFIG_FILES    = 
  CONFIG_HEADERS  = 
  CONFIG_LINKS    = 
  CONFIG_COMMANDS = 
  $ ./config.status 

on atuxsuse.suse

config.status:1159: creating Makefile
config.status:1159: creating src/Makefile
config.status:1159: creating po/Makefile.in
config.status:1159: creating config.h
config.status:1373: executing depfiles commands
config.status:1373: executing default-1 commands
config.status:1373: executing libtool commands
config.status:1373: executing po/stamp-it commands
configure:15124: WARNING: unrecognized options: --enable-maintainer-mode

## ---------------- ##
## Cache variables. ##
## ---------------- ##

ac_cv_build=x86_64-suse-linux-gnu
ac_cv_c_compiler_gnu=yes
ac_cv_env_CC_set=
ac_cv_env_CC_value=
ac_cv_env_CFLAGS_set=set
ac_cv_env_CFLAGS_value=-O2
ac_cv_env_CPPFLAGS_set=
ac_cv_env_CPPFLAGS_value=
ac_cv_env_CPP_set=
ac_cv_env_CPP_value=
ac_cv_env_LDFLAGS_set=
ac_cv_env_LDFLAGS_value=
ac_cv_env_LIBS_set=
ac_cv_env_LIBS_value=
ac_cv_env_build_alias_set=
ac_cv_env_build_alias_value=
ac_cv_env_host_alias_set=
ac_cv_env_host_alias_value=
ac_cv_env_target_alias_set=
ac_cv_env_target_alias_value=
ac_cv_func_bind_textdomain_codeset=yes
ac_cv_func_dcgettext=yes
ac_cv_header_dlfcn_h=yes
ac_cv_header_inttypes_h=yes
ac_cv_header_libintl_h=yes
ac_cv_header_locale_h=yes
ac_cv_header_memory_h=yes
ac_cv_header_stdc=yes
ac_cv_header_stdint_h=yes
ac_cv_header_stdlib_h=yes
ac_cv_header_string_h=yes
ac_cv_header_strings_h=yes
ac_cv_header_sys_stat_h=yes
ac_cv_header_sys_types_h=yes
ac_cv_header_unistd_h=yes
ac_cv_host=x86_64-suse-linux-gnu
ac_cv_objext=o
ac_cv_path_EGREP='/usr/bin/grep -E'
ac_cv_path_FGREP='/usr/bin/grep -F'
ac_cv_path_GMSGFMT=/usr/bin/msgfmt
ac_cv_path_GREP=/usr/bin/grep
ac_cv_path_INTLTOOL_EXTRACT=/usr/bin/intltool-extract
ac_cv_path_INTLTOOL_MERGE=/usr/bin/intltool-merge
ac_cv_path_INTLTOOL_PERL=/usr/bin/perl
ac_cv_path_INTLTOOL_UPDATE=/usr/bin/intltool-update
ac_cv_path_MSGFMT=/usr/bin/msgfmt
ac_cv_path_MSGMERGE=/usr/bin/msgmerge
ac_cv_path_SED=/usr/bin/sed
ac_cv_path_XGETTEXT=/usr/bin/xgettext
ac_cv_path_install='/usr/bin/install -c'
ac_cv_path_mkdir=/usr/bin/mkdir
ac_cv_prog_AWK=gawk
ac_cv_prog_CPP='gcc -E'
ac_cv_prog_ac_ct_AR=ar
ac_cv_prog_ac_ct_CC=gcc
ac_cv_prog_ac_ct_MANIFEST_TOOL=mt
ac_cv_prog_ac_ct_OBJDUMP=objdump
ac_cv_prog_ac_ct_RANLIB=ranlib
ac_cv_prog_ac_ct_STRIP=strip
ac_cv_prog_cc_c89=
ac_cv_prog_cc_g=yes
ac_cv_prog_make_make_set=yes
am_cv_CC_dependencies_compiler_type=gcc3
am_cv_make_support_nested_variables=yes
am_cv_val_LC_MESSAGES=yes
gt_cv_func_dgettext_libc=yes
gt_cv_func_dgettext_libintl=no
gt_cv_func_ngettext_libc=yes
gt_cv_have_gettext=yes
lt_cv_ar_at_file=@
lt_cv_archive_cmds_need_lc=no
lt_cv_deplibs_check_method=pass_all
lt_cv_file_magic_cmd='$MAGIC_CMD'
lt_cv_file_magic_test_file=
lt_cv_ld_reload_flag=-r
lt_cv_nm_interface='BSD nm'
lt_cv_objdir=.libs
lt_cv_path_LD=/usr/x86_64-suse-linux/bin/ld
lt_cv_path_NM='/usr/bin/nm -B'
lt_cv_path_mainfest_tool=no
lt_cv_prog_compiler_c_o=yes
lt_cv_prog_compiler_pic='-fPIC -DPIC'
lt_cv_prog_compiler_pic_works=yes
lt_cv_prog_compiler_rtti_exceptions=no
lt_cv_prog_compiler_static_works=yes
lt_cv_prog_gnu_ld=yes
lt_cv_sharedlib_from_linklib_cmd='printf %s\n'
lt_cv_shlibpath_overrides_runpath=yes
lt_cv_sys_global_symbol_pipe='sed -n -e '\''s/^.*[	 ]\([ABCDGIRSTW][ABCDGIRSTW]*\)[	 ][	 ]*\([_A-Za-z][_A-Za-z0-9]*\)$/\1 \2 \2/p'\'' | sed '\''/ __gnu_lto/d'\'''
lt_cv_sys_global_symbol_to_c_name_address='sed -n -e '\''s/^: \([^ ]*\)[ ]*$/  {\"\1\", (void *) 0},/p'\'' -e '\''s/^[ABCDGIRSTW]* \([^ ]*\) \([^ ]*\)$/  {"\2", (void *) \&\2},/p'\'''
lt_cv_sys_global_symbol_to_c_name_address_lib_prefix='sed -n -e '\''s/^: \([^ ]*\)[ ]*$/  {\"\1\", (void *) 0},/p'\'' -e '\''s/^[ABCDGIRSTW]* \([^ ]*\) \(lib[^ ]*\)$/  {"\2", (void *) \&\2},/p'\'' -e '\''s/^[ABCDGIRSTW]* \([^ ]*\) \([^ ]*\)$/  {"lib\2", (void *) \&\2},/p'\'''
lt_cv_sys_global_symbol_to_cdecl='sed -n -e '\''s/^T .* \(.*\)$/extern int \1();/p'\'' -e '\''s/^[ABCDGIRSTW]* .* \(.*\)$/extern char \1;/p'\'''
lt_cv_sys_max_cmd_len=1572864
lt_cv_to_host_file_cmd=func_convert_file_noop
lt_cv_to_tool_file_cmd=func_convert_file_noop

## ----------------- ##
## Output variables. ##
## ----------------- ##

ACLOCAL='${SHELL} /data/dev/cc++/1_ansi_c/genuser/github/genuser/missing aclocal-1.13'
ALL_LINGUAS=''
AMDEPBACKSLASH='\'
AMDEP_FALSE='#'
AMDEP_TRUE=''
AMTAR='$${TAR-tar}'
AM_BACKSLASH='\'
AM_DEFAULT_V='$(AM_DEFAULT_VERBOSITY)'
AM_DEFAULT_VERBOSITY='0'
AM_V='$(V)'
AR='ar'
AUTOCONF='${SHELL} /data/dev/cc++/1_ansi_c/genuser/github/genuser/missing autoconf'
AUTOHEADER='${SHELL} /data/dev/cc++/1_ansi_c/genuser/github/genuser/missing autoheader'
AUTOMAKE='${SHELL} /data/dev/cc++/1_ansi_c/genuser/github/genuser/missing automake-1.13'
AWK='gawk'
CATALOGS=''
CATOBJEXT='.gmo'
CC='gcc'
CCDEPMODE='depmode=gcc3'
CFLAGS='-O2'
CPP='gcc -E'
CPPFLAGS=''
CYGPATH_W='echo'
DATADIRNAME='share'
DEFS='-DHAVE_CONFIG_H'
DEPDIR='.deps'
DLLTOOL='false'
DSYMUTIL=''
DUMPBIN=''
ECHO_C=''
ECHO_N='-n'
ECHO_T=''
EGREP='/usr/bin/grep -E'
EXEEXT=''
FGREP='/usr/bin/grep -F'
GETTEXT_PACKAGE='genuser'
GMOFILES=''
GMSGFMT='/usr/bin/msgfmt'
GREP='/usr/bin/grep'
INSTALL_DATA='${INSTALL} -m 644'
INSTALL_PROGRAM='${INSTALL}'
INSTALL_SCRIPT='${INSTALL}'
INSTALL_STRIP_PROGRAM='$(install_sh) -c -s'
INSTOBJEXT='.mo'
INTLLIBS=''
INTLTOOL_CAVES_RULE='%.caves:     %.caves.in     $(INTLTOOL_MERGE) $(wildcard $(top_srcdir)/po/*.po) ; $(INTLTOOL_V_MERGE)LC_ALL=C $(INTLTOOL_MERGE) $(INTLTOOL_V_MERGE_OPTIONS) -d -u -c $(top_builddir)/po/.intltool-merge-cache $(top_srcdir)/po $< $@'
INTLTOOL_DESKTOP_RULE='%.desktop:   %.desktop.in   $(INTLTOOL_MERGE) $(wildcard $(top_srcdir)/po/*.po) ; $(INTLTOOL_V_MERGE)LC_ALL=C $(INTLTOOL_MERGE) $(INTLTOOL_V_MERGE_OPTIONS) -d -u -c $(top_builddir)/po/.intltool-merge-cache $(top_srcdir)/po $< $@'
INTLTOOL_DIRECTORY_RULE='%.directory: %.directory.in $(INTLTOOL_MERGE) $(wildcard $(top_srcdir)/po/*.po) ; $(INTLTOOL_V_MERGE)LC_ALL=C $(INTLTOOL_MERGE) $(INTLTOOL_V_MERGE_OPTIONS) -d -u -c $(top_builddir)/po/.intltool-merge-cache $(top_srcdir)/po $< $@'
INTLTOOL_EXTRACT='/usr/bin/intltool-extract'
INTLTOOL_KBD_RULE='%.kbd:       %.kbd.in       $(INTLTOOL_MERGE) $(wildcard $(top_srcdir)/po/*.po) ; $(INTLTOOL_V_MERGE)LC_ALL=C $(INTLTOOL_MERGE) $(INTLTOOL_V_MERGE_OPTIONS) -x -u -m -c $(top_builddir)/po/.intltool-merge-cache $(top_srcdir)/po $< $@'
INTLTOOL_KEYS_RULE='%.keys:      %.keys.in      $(INTLTOOL_MERGE) $(wildcard $(top_srcdir)/po/*.po) ; $(INTLTOOL_V_MERGE)LC_ALL=C $(INTLTOOL_MERGE) $(INTLTOOL_V_MERGE_OPTIONS) -k -u -c $(top_builddir)/po/.intltool-merge-cache $(top_srcdir)/po $< $@'
INTLTOOL_MERGE='/usr/bin/intltool-merge'
INTLTOOL_OAF_RULE='%.oaf:       %.oaf.in       $(INTLTOOL_MERGE) $(wildcard $(top_srcdir)/po/*.po) ; $(INTLTOOL_V_MERGE)LC_ALL=C $(INTLTOOL_MERGE) $(INTLTOOL_V_MERGE_OPTIONS) -o -p $(top_srcdir)/po $< $@'
INTLTOOL_PERL='/usr/bin/perl'
INTLTOOL_POLICY_RULE='%.policy:    %.policy.in    $(INTLTOOL_MERGE) $(wildcard $(top_srcdir)/po/*.po) ; $(INTLTOOL_V_MERGE)LC_ALL=C $(INTLTOOL_MERGE) $(INTLTOOL_V_MERGE_OPTIONS) -x -u -c $(top_builddir)/po/.intltool-merge-cache $(top_srcdir)/po $< $@'
INTLTOOL_PONG_RULE='%.pong:      %.pong.in      $(INTLTOOL_MERGE) $(wildcard $(top_srcdir)/po/*.po) ; $(INTLTOOL_V_MERGE)LC_ALL=C $(INTLTOOL_MERGE) $(INTLTOOL_V_MERGE_OPTIONS) -x -u -c $(top_builddir)/po/.intltool-merge-cache $(top_srcdir)/po $< $@'
INTLTOOL_PROP_RULE='%.prop:      %.prop.in      $(INTLTOOL_MERGE) $(wildcard $(top_srcdir)/po/*.po) ; $(INTLTOOL_V_MERGE)LC_ALL=C $(INTLTOOL_MERGE) $(INTLTOOL_V_MERGE_OPTIONS) -d -u -c $(top_builddir)/po/.intltool-merge-cache $(top_srcdir)/po $< $@'
INTLTOOL_SCHEMAS_RULE='%.schemas:   %.schemas.in   $(INTLTOOL_MERGE) $(wildcard $(top_srcdir)/po/*.po) ; $(INTLTOOL_V_MERGE)LC_ALL=C $(INTLTOOL_MERGE) $(INTLTOOL_V_MERGE_OPTIONS) -s -u -c $(top_builddir)/po/.intltool-merge-cache $(top_srcdir)/po $< $@'
INTLTOOL_SERVER_RULE='%.server:    %.server.in    $(INTLTOOL_MERGE) $(wildcard $(top_srcdir)/po/*.po) ; $(INTLTOOL_V_MERGE)LC_ALL=C $(INTLTOOL_MERGE) $(INTLTOOL_V_MERGE_OPTIONS) -o -u -c $(top_builddir)/po/.intltool-merge-cache $(top_srcdir)/po $< $@'
INTLTOOL_SERVICE_RULE='%.service: %.service.in   $(INTLTOOL_MERGE) $(wildcard $(top_srcdir)/po/*.po) ; $(INTLTOOL_V_MERGE)LC_ALL=C $(INTLTOOL_MERGE) $(INTLTOOL_V_MERGE_OPTIONS) -d -u -c $(top_builddir)/po/.intltool-merge-cache $(top_srcdir)/po $< $@'
INTLTOOL_SHEET_RULE='%.sheet:     %.sheet.in     $(INTLTOOL_MERGE) $(wildcard $(top_srcdir)/po/*.po) ; $(INTLTOOL_V_MERGE)LC_ALL=C $(INTLTOOL_MERGE) $(INTLTOOL_V_MERGE_OPTIONS) -x -u -c $(top_builddir)/po/.intltool-merge-cache $(top_srcdir)/po $< $@'
INTLTOOL_SOUNDLIST_RULE='%.soundlist: %.soundlist.in $(INTLTOOL_MERGE) $(wildcard $(top_srcdir)/po/*.po) ; $(INTLTOOL_V_MERGE)LC_ALL=C $(INTLTOOL_MERGE) $(INTLTOOL_V_MERGE_OPTIONS) -d -u -c $(top_builddir)/po/.intltool-merge-cache $(top_srcdir)/po $< $@'
INTLTOOL_THEME_RULE='%.theme:     %.theme.in     $(INTLTOOL_MERGE) $(wildcard $(top_srcdir)/po/*.po) ; $(INTLTOOL_V_MERGE)LC_ALL=C $(INTLTOOL_MERGE) $(INTLTOOL_V_MERGE_OPTIONS) -d -u -c $(top_builddir)/po/.intltool-merge-cache $(top_srcdir)/po $< $@'
INTLTOOL_UI_RULE='%.ui:        %.ui.in        $(INTLTOOL_MERGE) $(wildcard $(top_srcdir)/po/*.po) ; $(INTLTOOL_V_MERGE)LC_ALL=C $(INTLTOOL_MERGE) $(INTLTOOL_V_MERGE_OPTIONS) -x -u -c $(top_builddir)/po/.intltool-merge-cache $(top_srcdir)/po $< $@'
INTLTOOL_UPDATE='/usr/bin/intltool-update'
INTLTOOL_V_MERGE='$(INTLTOOL__v_MERGE_$(V))'
INTLTOOL_V_MERGE_OPTIONS='$(intltool__v_merge_options_$(V))'
INTLTOOL_XAM_RULE='%.xam:       %.xml.in       $(INTLTOOL_MERGE) $(wildcard $(top_srcdir)/po/*.po) ; $(INTLTOOL_V_MERGE)LC_ALL=C $(INTLTOOL_MERGE) $(INTLTOOL_V_MERGE_OPTIONS) -x -u -c $(top_builddir)/po/.intltool-merge-cache $(top_srcdir)/po $< $@'
INTLTOOL_XML_NOMERGE_RULE='%.xml:       %.xml.in       $(INTLTOOL_MERGE) ; $(INTLTOOL_V_MERGE)LC_ALL=C $(INTLTOOL_MERGE) $(INTLTOOL_V_MERGE_OPTIONS) -x -u --no-translations $< $@'
INTLTOOL_XML_RULE='%.xml:       %.xml.in       $(INTLTOOL_MERGE) $(wildcard $(top_srcdir)/po/*.po) ; $(INTLTOOL_V_MERGE)LC_ALL=C $(INTLTOOL_MERGE) $(INTLTOOL_V_MERGE_OPTIONS) -x -u -c $(top_builddir)/po/.intltool-merge-cache $(top_srcdir)/po $< $@'
INTLTOOL__v_MERGE_0='@echo "  ITMRG " $@;'
INTLTOOL__v_MERGE_='$(INTLTOOL__v_MERGE_$(AM_DEFAULT_VERBOSITY))'
LD='/usr/x86_64-suse-linux/bin/ld -m elf_x86_64'
LDFLAGS=''
LIBOBJS=''
LIBS=''
LIBTOOL='$(SHELL) $(top_builddir)/libtool'
LIPO=''
LN_S='ln -s'
LTLIBOBJS=''
MAKEINFO='${SHELL} /data/dev/cc++/1_ansi_c/genuser/github/genuser/missing makeinfo'
MANIFEST_TOOL=':'
MKDIR_P='/usr/bin/mkdir -p'
MKINSTALLDIRS='/data/dev/cc++/1_ansi_c/genuser/github/genuser/mkinstalldirs'
MSGFMT='/usr/bin/msgfmt'
MSGFMT_OPTS='-c'
MSGMERGE='/usr/bin/msgmerge'
NM='/usr/bin/nm -B'
NMEDIT=''
OBJDUMP='objdump'
OBJEXT='o'
OTOOL64=''
OTOOL=''
PACKAGE='genuser'
PACKAGE_BUGREPORT=''
PACKAGE_NAME='genuser'
PACKAGE_STRING='genuser 1.0'
PACKAGE_TARNAME='genuser'
PACKAGE_URL=''
PACKAGE_VERSION='1.0'
PATH_SEPARATOR=':'
POFILES=''
POSUB='po'
PO_IN_DATADIR_FALSE=''
PO_IN_DATADIR_TRUE=''
RANLIB='ranlib'
SED='/usr/bin/sed'
SET_MAKE=''
SHELL='/bin/sh'
STRIP='strip'
USE_NLS='yes'
VERSION='1.0'
XGETTEXT='/usr/bin/xgettext'
ac_ct_AR='ar'
ac_ct_CC='gcc'
ac_ct_DUMPBIN=''
am__EXEEXT_FALSE=''
am__EXEEXT_TRUE='#'
am__fastdepCC_FALSE='#'
am__fastdepCC_TRUE=''
am__include='include'
am__isrc=' -I$(srcdir)'
am__leading_dot='.'
am__nodep='_no'
am__quote=''
am__tar='$${TAR-tar} chof - "$$tardir"'
am__untar='$${TAR-tar} xf -'
bindir='${exec_prefix}/bin'
build='x86_64-suse-linux-gnu'
build_alias=''
build_cpu='x86_64'
build_os='linux-gnu'
build_vendor='suse'
datadir='${datarootdir}'
datarootdir='${prefix}/share'
docdir='${datarootdir}/doc/${PACKAGE_TARNAME}'
dvidir='${docdir}'
exec_prefix='${prefix}'
host='x86_64-suse-linux-gnu'
host_alias=''
host_cpu='x86_64'
host_os='linux-gnu'
host_vendor='suse'
htmldir='${docdir}'
includedir='${prefix}/include'
infodir='${datarootdir}/info'
install_sh='${SHELL} /data/dev/cc++/1_ansi_c/genuser/github/genuser/install-sh'
intltool__v_merge_options_0='-q'
intltool__v_merge_options_='$(intltool__v_merge_options_$(AM_DEFAULT_VERBOSITY))'
libdir='${exec_prefix}/lib64'
libexecdir='${exec_prefix}/lib'
localedir='${datarootdir}/locale'
localstatedir='${prefix}/var'
mandir='${datarootdir}/man'
mkdir_p='$(MKDIR_P)'
oldincludedir='/usr/include'
pdfdir='${docdir}'
prefix='/usr/local'
program_transform_name='s,x,x,'
psdir='${docdir}'
sbindir='${exec_prefix}/sbin'
sharedstatedir='${prefix}/com'
sysconfdir='${prefix}/etc'
target_alias=''

## ----------- ##
## confdefs.h. ##
## ----------- ##

/* confdefs.h */
#define PACKAGE_NAME "genuser"
#define PACKAGE_TARNAME "genuser"
#define PACKAGE_VERSION "1.0"
#define PACKAGE_STRING "genuser 1.0"
#define PACKAGE_BUGREPORT ""
#define PACKAGE_URL ""
#define PACKAGE "genuser"
#define VERSION "1.0"
#define GETTEXT_PACKAGE "genuser"
#define STDC_HEADERS 1
#define HAVE_SYS_TYPES_H 1
#define HAVE_SYS_STAT_H 1
#define HAVE_STDLIB_H 1
#define HAVE_STRING_H 1
#define HAVE_MEMORY_H 1
#define HAVE_STRINGS_H 1
#define HAVE_INTTYPES_H 1
#define HAVE_STDINT_H 1
#define HAVE_UNISTD_H 1
#define HAVE_LOCALE_H 1
#define HAVE_LC_MESSAGES 1
#define HAVE_BIND_TEXTDOMAIN_CODESET 1
#define HAVE_GETTEXT 1
#define HAVE_DCGETTEXT 1
#define ENABLE_NLS 1
#define HAVE_DLFCN_H 1
#define LT_OBJDIR ".libs/"

configure: exit 0

## ---------------------- ##
## Running config.status. ##
## ---------------------- ##

This file was extended by genuser config.status 1.0, which was
generated by GNU Autoconf 2.69.  Invocation command line was

  CONFIG_FILES    = 
  CONFIG_HEADERS  = 
  CONFIG_LINKS    = 
  CONFIG_COMMANDS = 
  $ ./config.status config.h

on atuxsuse.suse

config.status:1159: creating config.h
config.status:1325: config.h is unchanged
